Base path: '/Applications/Unity/Hub/Editor/2019.2.17f1/Unity.app/Contents', plugins path '/Applications/Unity/Hub/Editor/2019.2.17f1/Unity.app/Contents/PlaybackEngines'
Cmd: initializeCompiler
Cmd: preprocessCompute
  insize=2053 outsize=2059 ok=1
Cmd: preprocessCompute
  insize=1170 outsize=1176 ok=1
Cmd: preprocessCompute
  insize=3064 outsize=3070 ok=1
Cmd: preprocessCompute
  insize=10871 outsize=10881 ok=1
Cmd: preprocessCompute
  insize=4847 outsize=4855 ok=1
Cmd: preprocessCompute
  insize=3390 outsize=3396 ok=1
Cmd: preprocessCompute
  insize=18277 outsize=18299 ok=1
Cmd: preprocessCompute
  insize=5431 outsize=5435 ok=1
Cmd: preprocessCompute
  insize=3066 outsize=3072 ok=1
Cmd: preprocessCompute
  insize=1800 outsize=1806 ok=1
Cmd: preprocessCompute
  insize=1448 outsize=1454 ok=1
Cmd: preprocessCompute
  insize=2038 outsize=2044 ok=1
Cmd: preprocessCompute
  insize=2053 outsize=2059 ok=1
Cmd: preprocessCompute
  insize=1170 outsize=1176 ok=1
Cmd: preprocessCompute
  insize=3064 outsize=3070 ok=1
Cmd: preprocessCompute
  insize=10871 outsize=10881 ok=1
Cmd: preprocessCompute
  insize=4847 outsize=4855 ok=1
Cmd: preprocessCompute
  insize=3390 outsize=3396 ok=1
Cmd: preprocessCompute
  insize=18277 outsize=18299 ok=1
Cmd: preprocessCompute
  insize=5431 outsize=5435 ok=1
Cmd: preprocessCompute
  insize=3066 outsize=3072 ok=1
Cmd: preprocessCompute
  insize=1800 outsize=1806 ok=1
Cmd: preprocessCompute
  insize=1448 outsize=1454 ok=1
Cmd: preprocessCompute
  insize=2038 outsize=2044 ok=1
Cmd: preprocess
  insize=2364 outsize=849 ok=1
Cmd: preprocess
  insize=2095 outsize=711 ok=1
Cmd: preprocess
  insize=2181 outsize=852 ok=1
Cmd: preprocess
  insize=1809 outsize=728 ok=1
Cmd: preprocess
  insize=2619 outsize=463 ok=1
Cmd: preprocess
  insize=2191 outsize=817 ok=1
Cmd: preprocess
  insize=731 outsize=530 ok=1
Cmd: preprocess
  insize=1061 outsize=707 ok=1
Cmd: preprocess
  insize=826 outsize=619 ok=1
Cmd: preprocess
  insize=1051 outsize=768 ok=1
Cmd: preprocess
  insize=1061 outsize=708 ok=1
Cmd: preprocess
  insize=271 outsize=182 ok=1
Cmd: preprocess
  insize=2791 outsize=746 ok=1
Cmd: preprocess
  insize=1033 outsize=693 ok=1
Cmd: preprocess
  insize=723 outsize=526 ok=1
Cmd: preprocess
  insize=810 outsize=591 ok=1
Cmd: preprocess
  insize=906 outsize=627 ok=1
Cmd: preprocess
  insize=802 outsize=587 ok=1
Cmd: preprocess
  insize=834 outsize=623 ok=1
Cmd: preprocess
  insize=404 outsize=317 ok=1
